<?xml version="1.0" encoding="UTF-8"?>
<!-- Generated by org.testng.reporters.JUnitXMLReporter -->
<testsuite ignored="4" hostname="LAPTOP-7JLP9E2P" failures="0" tests="26" name="Test" time="88.596" errors="0" timestamp="2024-07-21T09:59:15 IST">
  <testcase classname="org.ict.testcases.AdminLoginTC" name="adminLogin_emptyFld" time="0.565"/>
  <testcase classname="org.ict.testcases.AdminLoginTC" name="adminLogin_Invalid" time="2.478"/>
  <testcase classname="org.ict.testcases.AdminLoginTC" name="adminLogin_Valid" time="1.717"/>
  <testcase classname="org.ict.testcases.AdminLoginTC" name="adminLogOut" time="0.103"/>
  <testcase classname="org.ict.testcases.AdminLoginTC" name="mentorLogin_emptyFld" time="0.416"/>
  <testcase classname="org.ict.testcases.AdminLoginTC" name="mentorLogin_Invalid" time="1.72"/>
  <testcase classname="org.ict.testcases.AdminLoginTC" name="mentorLogin_Valid" time="2.625"/>
  <testcase classname="org.ict.testcases.AdminLoginTC" name="mentorLogOut" time="0.091"/>
  <testcase classname="org.ict.testcases.AdminDashboardTC" name="adminLogin_Valid" time="1.482"/>
  <testcase classname="org.ict.testcases.AdminDashboardTC" name="addNewProject" time="0.427"/>
  <testcase classname="org.ict.testcases.AdminDashboardTC" name="addNewProject_EmptyFld" time="1.392"/>
  <testcase classname="org.ict.testcases.AdminDashboardTC" name="addNewProject_duplicate" time="0.505"/>
  <testcase classname="org.ict.testcases.AdminDashboardTC" name="projectName_Edit" time="11.329"/>
  <testcase classname="org.ict.testcases.AdminDashboardTC" name="projectName_cancel" time="0.175"/>
  <testcase classname="org.ict.testcases.AdminDashboardTC" name="projectName_delete" time="6.102"/>
  <testcase classname="org.ict.testcases.AdminDashboardTC" name="mentorForm_valid" time="11.323"/>
  <testcase classname="org.ict.testcases.AdminDashboardTC" name="mentorForm_invalid" time="2.018"/>
  <testcase classname="org.ict.testcases.AdminDashboardTC" name="mentorForm_empty" time="0.953"/>
  <testcase classname="org.ict.testcases.AdminDashboardTC" name="mentorForm_ListDlt" time="10.796"/>
  <testcase classname="org.ict.testcases.AdminDashboardTC" name="adminLogOut" time="0.153"/>
  <testcase classname="org.ict.testcases.MentorLoginTC" name="mentorLogin_Valid" time="2.18"/>
  <testcase classname="org.ict.testcases.MentorLoginTC" name="prjt_evaluate" time="7.813"/>
  <testcase classname="org.ict.testcases.MentorLoginTC" name="prjtMark_Update" time="7.198"/>
  <testcase classname="org.ict.testcases.MentorLoginTC" name="deleteSubmission" time="6.909"/>
  <testcase classname="org.ict.testcases.MentorLoginTC" name="addReference" time="0.874"/>
  <testcase classname="org.ict.testcases.MentorLoginTC" name="dltReference" time="7.124"/>
  <testcase classname="org.ict.base.TestBase" name="@AfterSuite new_setup" time="0.0">
    <ignored/>
  </testcase> <!-- @AfterSuite new_setup -->
  <testcase classname="org.ict.base.TestBase" name="@AfterSuite new_setup" time="0.0">
    <ignored/>
  </testcase> <!-- @AfterSuite new_setup -->
  <testcase classname="org.ict.base.TestBase" name="@BeforeSuite launch" time="0.0">
    <ignored/>
  </testcase> <!-- @BeforeSuite launch -->
  <testcase classname="org.ict.base.TestBase" name="@BeforeSuite launch" time="0.0">
    <ignored/>
  </testcase> <!-- @BeforeSuite launch -->
</testsuite> <!-- Test -->
